<?xml version="1.0" encoding="UTF-8"?>
<testng-results skipped="0" failed="0" ignored="0" total="1" passed="1">
  <reporter-output>
  </reporter-output>
  <suite name="Default suite" duration-ms="880608" started-at="2020-06-02T14:43:14Z" finished-at="2020-06-02T14:57:55Z">
    <groups>
    </groups>
    <test name="Default test" duration-ms="880608" started-at="2020-06-02T14:43:14Z" finished-at="2020-06-02T14:57:55Z">
      <class name="com.test.Insight.DelhaizeAutmation">
        <test-method status="PASS" signature="setup()[pri:0, instance:com.test.Insight.DelhaizeAutmation@e25b2fe]" name="setup" is-config="true" duration-ms="75393" started-at="2020-06-02T14:43:14Z" finished-at="2020-06-02T14:44:29Z">
          <reporter-output>
          </reporter-output>
        </test-method> <!-- setup -->
        <test-method status="PASS" signature="Delhaize_Automation()[pri:0, instance:com.test.Insight.DelhaizeAutmation@e25b2fe]" name="Delhaize_Automation" duration-ms="805034" started-at="2020-06-02T14:44:29Z" finished-at="2020-06-02T14:57:54Z">
          <reporter-output>
          </reporter-output>
        </test-method> <!-- Delhaize_Automation -->
      </class> <!-- com.test.Insight.DelhaizeAutmation -->
    </test> <!-- Default test -->
  </suite> <!-- Default suite -->
</testng-results>
